\BOOKMARK [0][-]{chapter.1}{\376\377\000d\000a\000t\000a\000A\000n\000a\000l\000y\000s\000i\000s\000\040\000p\000a\000c\000k\000a\000g\000e}{}% 1
\BOOKMARK [1][-]{section.1.1}{\376\377\000S\000u\000b\000p\000a\000c\000k\000a\000g\000e\000s}{chapter.1}% 2
\BOOKMARK [2][-]{subsection.1.1.1}{\376\377\000d\000a\000t\000a\000A\000n\000a\000l\000y\000s\000i\000s\000.\000c\000o\000n\000s\000t\000a\000n\000t\000s\000\040\000p\000a\000c\000k\000a\000g\000e}{section.1.1}% 3
\BOOKMARK [3][-]{subsubsection*.3}{\376\377\000S\000u\000b\000m\000o\000d\000u\000l\000e\000s}{subsection.1.1.1}% 4
\BOOKMARK [3][-]{subsubsection*.4}{\376\377\000d\000a\000t\000a\000A\000n\000a\000l\000y\000s\000i\000s\000.\000c\000o\000n\000s\000t\000a\000n\000t\000s\000.\000a\000g\000e\000n\000t\000C\000o\000n\000s\000t\000a\000n\000t\000s\000\040\000m\000o\000d\000u\000l\000e}{subsection.1.1.1}% 5
\BOOKMARK [3][-]{subsubsection*.5}{\376\377\000M\000o\000d\000u\000l\000e\000\040\000c\000o\000n\000t\000e\000n\000t\000s}{subsection.1.1.1}% 6
\BOOKMARK [2][-]{subsection.1.1.2}{\376\377\000d\000a\000t\000a\000A\000n\000a\000l\000y\000s\000i\000s\000.\000d\000s\000l\000\040\000p\000a\000c\000k\000a\000g\000e}{section.1.1}% 7
\BOOKMARK [3][-]{subsubsection*.6}{\376\377\000S\000u\000b\000p\000a\000c\000k\000a\000g\000e\000s}{subsection.1.1.2}% 8
\BOOKMARK [3][-]{subsubsection*.42}{\376\377\000S\000u\000b\000m\000o\000d\000u\000l\000e\000s}{subsection.1.1.2}% 9
\BOOKMARK [3][-]{subsubsection*.43}{\376\377\000d\000a\000t\000a\000A\000n\000a\000l\000y\000s\000i\000s\000.\000d\000s\000l\000.\000d\000a\000D\000s\000l\000\040\000m\000o\000d\000u\000l\000e}{subsection.1.1.2}% 10
\BOOKMARK [3][-]{subsubsection*.44}{\376\377\000M\000o\000d\000u\000l\000e\000\040\000c\000o\000n\000t\000e\000n\000t\000s}{subsection.1.1.2}% 11
\BOOKMARK [1][-]{section.1.2}{\376\377\000S\000u\000b\000m\000o\000d\000u\000l\000e\000s}{chapter.1}% 12
\BOOKMARK [1][-]{section.1.3}{\376\377\000d\000a\000t\000a\000A\000n\000a\000l\000y\000s\000i\000s\000.\000D\000A\000A\000g\000e\000n\000t\000\040\000m\000o\000d\000u\000l\000e}{chapter.1}% 13
\BOOKMARK [1][-]{section.1.4}{\376\377\000M\000o\000d\000u\000l\000e\000\040\000c\000o\000n\000t\000e\000n\000t\000s}{chapter.1}% 14
\BOOKMARK [0][-]{chapter.2}{\376\377\000d\000a\000t\000a\000C\000l\000e\000a\000n\000s\000e\000r\000\040\000p\000a\000c\000k\000a\000g\000e}{}% 15
\BOOKMARK [1][-]{section.2.1}{\376\377\000S\000u\000b\000p\000a\000c\000k\000a\000g\000e\000s}{chapter.2}% 16
\BOOKMARK [2][-]{subsection.2.1.1}{\376\377\000d\000a\000t\000a\000C\000l\000e\000a\000n\000s\000e\000r\000.\000c\000o\000n\000s\000t\000a\000n\000t\000s\000\040\000p\000a\000c\000k\000a\000g\000e}{section.2.1}% 17
\BOOKMARK [3][-]{subsubsection*.45}{\376\377\000S\000u\000b\000m\000o\000d\000u\000l\000e\000s}{subsection.2.1.1}% 18
\BOOKMARK [3][-]{subsubsection*.46}{\376\377\000d\000a\000t\000a\000C\000l\000e\000a\000n\000s\000e\000r\000.\000c\000o\000n\000s\000t\000a\000n\000t\000s\000.\000a\000g\000e\000n\000t\000C\000o\000n\000s\000t\000a\000n\000t\000s\000\040\000m\000o\000d\000u\000l\000e}{subsection.2.1.1}% 19
\BOOKMARK [3][-]{subsubsection*.47}{\376\377\000M\000o\000d\000u\000l\000e\000\040\000c\000o\000n\000t\000e\000n\000t\000s}{subsection.2.1.1}% 20
\BOOKMARK [2][-]{subsection.2.1.2}{\376\377\000d\000a\000t\000a\000C\000l\000e\000a\000n\000s\000e\000r\000.\000d\000s\000l\000\040\000p\000a\000c\000k\000a\000g\000e}{section.2.1}% 21
\BOOKMARK [3][-]{subsubsection*.48}{\376\377\000S\000u\000b\000p\000a\000c\000k\000a\000g\000e\000s}{subsection.2.1.2}% 22
\BOOKMARK [3][-]{subsubsection*.82}{\376\377\000S\000u\000b\000m\000o\000d\000u\000l\000e\000s}{subsection.2.1.2}% 23
\BOOKMARK [3][-]{subsubsection*.83}{\376\377\000d\000a\000t\000a\000C\000l\000e\000a\000n\000s\000e\000r\000.\000d\000s\000l\000.\000c\000l\000e\000a\000n\000i\000n\000g\000D\000s\000l\000\040\000m\000o\000d\000u\000l\000e}{subsection.2.1.2}% 24
\BOOKMARK [3][-]{subsubsection*.84}{\376\377\000M\000o\000d\000u\000l\000e\000\040\000c\000o\000n\000t\000e\000n\000t\000s}{subsection.2.1.2}% 25
\BOOKMARK [1][-]{section.2.2}{\376\377\000S\000u\000b\000m\000o\000d\000u\000l\000e\000s}{chapter.2}% 26
\BOOKMARK [1][-]{section.2.3}{\376\377\000d\000a\000t\000a\000C\000l\000e\000a\000n\000s\000e\000r\000.\000D\000C\000A\000g\000e\000n\000t\000\040\000m\000o\000d\000u\000l\000e}{chapter.2}% 27
\BOOKMARK [1][-]{section.2.4}{\376\377\000M\000o\000d\000u\000l\000e\000\040\000c\000o\000n\000t\000e\000n\000t\000s}{chapter.2}% 28
\BOOKMARK [0][-]{chapter.3}{\376\377\000d\000a\000t\000a\000S\000c\000r\000a\000p\000e\000r\000\040\000p\000a\000c\000k\000a\000g\000e}{}% 29
\BOOKMARK [1][-]{section.3.1}{\376\377\000S\000u\000b\000p\000a\000c\000k\000a\000g\000e\000s}{chapter.3}% 30
\BOOKMARK [2][-]{subsection.3.1.1}{\376\377\000d\000a\000t\000a\000S\000c\000r\000a\000p\000e\000r\000.\000c\000o\000n\000s\000t\000a\000n\000t\000s\000\040\000p\000a\000c\000k\000a\000g\000e}{section.3.1}% 31
\BOOKMARK [3][-]{subsubsection*.85}{\376\377\000S\000u\000b\000m\000o\000d\000u\000l\000e\000s}{subsection.3.1.1}% 32
\BOOKMARK [3][-]{subsubsection*.86}{\376\377\000d\000a\000t\000a\000S\000c\000r\000a\000p\000e\000r\000.\000c\000o\000n\000s\000t\000a\000n\000t\000s\000.\000a\000g\000e\000n\000t\000C\000o\000n\000s\000t\000a\000n\000t\000s\000\040\000m\000o\000d\000u\000l\000e}{subsection.3.1.1}% 33
\BOOKMARK [3][-]{subsubsection*.87}{\376\377\000M\000o\000d\000u\000l\000e\000\040\000c\000o\000n\000t\000e\000n\000t\000s}{subsection.3.1.1}% 34
\BOOKMARK [2][-]{subsection.3.1.2}{\376\377\000d\000a\000t\000a\000S\000c\000r\000a\000p\000e\000r\000.\000d\000s\000l\000\040\000p\000a\000c\000k\000a\000g\000e}{section.3.1}% 35
\BOOKMARK [3][-]{subsubsection*.88}{\376\377\000S\000u\000b\000p\000a\000c\000k\000a\000g\000e\000s}{subsection.3.1.2}% 36
\BOOKMARK [3][-]{subsubsection*.145}{\376\377\000S\000u\000b\000m\000o\000d\000u\000l\000e\000s}{subsection.3.1.2}% 37
\BOOKMARK [3][-]{subsubsection*.146}{\376\377\000d\000a\000t\000a\000S\000c\000r\000a\000p\000e\000r\000.\000d\000s\000l\000.\000s\000c\000r\000a\000p\000i\000n\000g\000D\000s\000l\000\040\000m\000o\000d\000u\000l\000e}{subsection.3.1.2}% 38
\BOOKMARK [3][-]{subsubsection*.147}{\376\377\000M\000o\000d\000u\000l\000e\000\040\000c\000o\000n\000t\000e\000n\000t\000s}{subsection.3.1.2}% 39
\BOOKMARK [1][-]{section.3.2}{\376\377\000S\000u\000b\000m\000o\000d\000u\000l\000e\000s}{chapter.3}% 40
\BOOKMARK [1][-]{section.3.3}{\376\377\000d\000a\000t\000a\000S\000c\000r\000a\000p\000e\000r\000.\000D\000S\000A\000g\000e\000n\000t\000\040\000m\000o\000d\000u\000l\000e}{chapter.3}% 41
\BOOKMARK [1][-]{section.3.4}{\376\377\000M\000o\000d\000u\000l\000e\000\040\000c\000o\000n\000t\000e\000n\000t\000s}{chapter.3}% 42
\BOOKMARK [0][-]{chapter.4}{\376\377\000d\000b\000A\000g\000e\000n\000t\000\040\000p\000a\000c\000k\000a\000g\000e}{}% 43
\BOOKMARK [1][-]{section.4.1}{\376\377\000S\000u\000b\000p\000a\000c\000k\000a\000g\000e\000s}{chapter.4}% 44
\BOOKMARK [2][-]{subsection.4.1.1}{\376\377\000d\000b\000A\000g\000e\000n\000t\000.\000c\000o\000n\000s\000t\000a\000n\000t\000s\000\040\000p\000a\000c\000k\000a\000g\000e}{section.4.1}% 45
\BOOKMARK [3][-]{subsubsection*.148}{\376\377\000S\000u\000b\000m\000o\000d\000u\000l\000e\000s}{subsection.4.1.1}% 46
\BOOKMARK [3][-]{subsubsection*.149}{\376\377\000d\000b\000A\000g\000e\000n\000t\000.\000c\000o\000n\000s\000t\000a\000n\000t\000s\000.\000a\000g\000e\000n\000t\000C\000o\000n\000s\000t\000a\000n\000t\000s\000\040\000m\000o\000d\000u\000l\000e}{subsection.4.1.1}% 47
\BOOKMARK [3][-]{subsubsection*.150}{\376\377\000M\000o\000d\000u\000l\000e\000\040\000c\000o\000n\000t\000e\000n\000t\000s}{subsection.4.1.1}% 48
\BOOKMARK [2][-]{subsection.4.1.2}{\376\377\000d\000b\000A\000g\000e\000n\000t\000.\000d\000s\000l\000\040\000p\000a\000c\000k\000a\000g\000e}{section.4.1}% 49
\BOOKMARK [3][-]{subsubsection*.151}{\376\377\000S\000u\000b\000p\000a\000c\000k\000a\000g\000e\000s}{subsection.4.1.2}% 50
\BOOKMARK [3][-]{subsubsection*.185}{\376\377\000S\000u\000b\000m\000o\000d\000u\000l\000e\000s}{subsection.4.1.2}% 51
\BOOKMARK [3][-]{subsubsection*.186}{\376\377\000d\000b\000A\000g\000e\000n\000t\000.\000d\000s\000l\000.\000d\000b\000D\000s\000l\000\040\000m\000o\000d\000u\000l\000e}{subsection.4.1.2}% 52
\BOOKMARK [3][-]{subsubsection*.187}{\376\377\000M\000o\000d\000u\000l\000e\000\040\000c\000o\000n\000t\000e\000n\000t\000s}{subsection.4.1.2}% 53
\BOOKMARK [1][-]{section.4.2}{\376\377\000S\000u\000b\000m\000o\000d\000u\000l\000e\000s}{chapter.4}% 54
\BOOKMARK [1][-]{section.4.3}{\376\377\000d\000b\000A\000g\000e\000n\000t\000.\000D\000B\000A\000g\000e\000n\000t\000\040\000m\000o\000d\000u\000l\000e}{chapter.4}% 55
\BOOKMARK [1][-]{section.4.4}{\376\377\000M\000o\000d\000u\000l\000e\000\040\000c\000o\000n\000t\000e\000n\000t\000s}{chapter.4}% 56
\BOOKMARK [0][-]{chapter.5}{\376\377\000g\000u\000i\000\040\000m\000o\000d\000u\000l\000e}{}% 57
\BOOKMARK [0][-]{chapter.6}{\376\377\000I\000n\000d\000i\000c\000e\000s\000\040\000a\000n\000d\000\040\000t\000a\000b\000l\000e\000s}{}% 58
\BOOKMARK [0][-]{section*.188}{\376\377\000P\000y\000t\000h\000o\000n\000\040\000M\000o\000d\000u\000l\000e\000\040\000I\000n\000d\000e\000x}{}% 59
